<?xml version="1.0" encoding="UTF-8"?>
<!-- Generated by org.testng.reporters.JUnitXMLReporter -->
<testsuite ignored="0" hostname="POOLW42SLPC6973" failures="0" tests="7" name="TestCase.Coupon" time="223.693" errors="0" timestamp="2022-12-09T13:01:56 IST">
  <testcase classname="TestCase.Coupon" name="ValidData" time="19.306"/>
  <testcase classname="TestCase.Coupon" name="InValidData" time="0.004"/>
  <testcase classname="TestCase.Coupon" name="InValidAllCapitalData" time="18.901"/>
  <testcase classname="TestCase.Coupon" name="InValidBlankData" time="16.93"/>
  <testcase classname="TestCase.Coupon" name="InValidLowercaseData" time="13.359"/>
  <testcase classname="TestCase.Coupon" name="InValidSpecialcharData" time="14.716"/>
  <testcase classname="TestCase.Coupon" name="InValidSymbolsData" time="21.92"/>
</testsuite> <!-- TestCase.Coupon -->
