<?xml version="1.0" encoding="UTF-8"?>
<!-- Generated by org.testng.reporters.JUnitXMLReporter -->
<testsuite ignored="0" hostname="POOLW42SLPC6973" failures="0" tests="3" name="Default test" time="5.898" errors="0" timestamp="2022-11-27T23:03:44 PST">
  <testcase classname="Testcase.API_TestCase" name="loginuser" time="3.308"/>
  <testcase classname="Testcase.API_TestCase" name="GeneralSetting" time="0.575"/>
  <testcase classname="Testcase.API_TestCase" name="getBanner" time="0.361"/>
</testsuite> <!-- Default test -->
